{"D:\\works\\testing\\js\\clone.js": {"path":"D:\\works\\testing\\js\\clone.js","statementMap":{"0":{"start":{"line":2,"column":2},"end":{"line":2,"column":19}},"1":{"start":{"line":4,"column":0},"end":{"line":4,"column":27}}},"fnMap":{"0":{"name":"cloneArray","decl":{"start":{"line":1,"column":9},"end":{"line":1,"column":19}},"loc":{"start":{"line":1,"column":27},"end":{"line":3,"column":1}},"line":1}},"branchMap":{},"s":{"0":1,"1":1},"f":{"0":1},"b":{},"_coverageSchema":"1a1c01bbd47fc00a2c39e90264f33305004495a9","hash":"db89c32c56eb25ba9986513c5fb15c821d2d226f"}
,"D:\\works\\testing\\js\\sub.js": {"path":"D:\\works\\testing\\js\\sub.js","statementMap":{"0":{"start":{"line":2,"column":2},"end":{"line":2,"column":12}},"1":{"start":{"line":4,"column":0},"end":{"line":4,"column":20}}},"fnMap":{"0":{"name":"sub","decl":{"start":{"line":1,"column":9},"end":{"line":1,"column":12}},"loc":{"start":{"line":1,"column":19},"end":{"line":3,"column":1}},"line":1}},"branchMap":{},"s":{"0":1,"1":1},"f":{"0":1},"b":{},"_coverageSchema":"1a1c01bbd47fc00a2c39e90264f33305004495a9","hash":"e3196b35987aa4560fd21bd680f516bc36b64547"}
,"D:\\works\\testing\\js\\sum.js": {"path":"D:\\works\\testing\\js\\sum.js","statementMap":{"0":{"start":{"line":2,"column":2},"end":{"line":2,"column":12}},"1":{"start":{"line":4,"column":0},"end":{"line":4,"column":20}}},"fnMap":{"0":{"name":"sum","decl":{"start":{"line":1,"column":9},"end":{"line":1,"column":12}},"loc":{"start":{"line":1,"column":19},"end":{"line":3,"column":1}},"line":1}},"branchMap":{},"s":{"0":1,"1":1},"f":{"0":1},"b":{},"_coverageSchema":"1a1c01bbd47fc00a2c39e90264f33305004495a9","hash":"27a0102425fcbd30036eaa2434328d7805f98011"}
}
